{"/Users/shashi/Documents/azure-helloworld-ci/handler.js": {"path":"/Users/shashi/Documents/azure-helloworld-ci/handler.js","statementMap":{"0":{"start":{"line":3,"column":19},"end":{"line":3,"column":47}},"1":{"start":{"line":5,"column":0},"end":{"line":18,"column":2}},"2":{"start":{"line":7,"column":18},"end":{"line":7,"column":34}},"3":{"start":{"line":9,"column":19},"end":{"line":15,"column":3}},"4":{"start":{"line":17,"column":2},"end":{"line":17,"column":27}}},"fnMap":{"0":{"name":"(anonymous_0)","decl":{"start":{"line":5,"column":28},"end":{"line":5,"column":29}},"loc":{"start":{"line":5,"column":58},"end":{"line":18,"column":1}},"line":5}},"branchMap":{},"s":{"0":1,"1":1,"2":1,"3":1,"4":1},"f":{"0":1},"b":{},"_coverageSchema":"332fd63041d2c1bcb487cc26dd0d5f7d97098a6c","hash":"d6dd0a873707bf152a031e62bee8545749c6e18a"}
,"/Users/shashi/Documents/azure-helloworld-ci/lib/hello-world.js": {"path":"/Users/shashi/Documents/azure-helloworld-ci/lib/hello-world.js","statementMap":{"0":{"start":{"line":3,"column":8},"end":{"line":6,"column":10}},"1":{"start":{"line":10,"column":0},"end":{"line":10,"column":28}}},"fnMap":{"0":{"name":"(anonymous_0)","decl":{"start":{"line":2,"column":4},"end":{"line":2,"column":5}},"loc":{"start":{"line":2,"column":20},"end":{"line":7,"column":5}},"line":2}},"branchMap":{},"s":{"0":2,"1":1},"f":{"0":2},"b":{},"_coverageSchema":"332fd63041d2c1bcb487cc26dd0d5f7d97098a6c","hash":"346183194d0a773d6bf51dd378af68e887d8eb01"}
}
